# JRE version: Java(TM) SE Runtime Environment (17.0.12+8) (build 17.0.12+8-LTS-286)
# Java VM: Java HotSpot(TM) 64-Bit Server VM (17.0.12+8-LTS-286, mixed mode, sharing, tiered, compressed oops, compressed class ptrs, g1 gc, windows-amd64)
GC Precious Log:
 CPUs: 8 total, 8 available
 Memory: 16230M
 Large Page Support: Disabled
 NUMA Support: Disabled
 Compressed Oops: Enabled (Zero based)
 Heap Region Size: 4M
 Heap Min Capacity: 8M
 Heap Initial Capacity: 256M
 Heap Max Capacity: 8G
 Pre-touch: Disabled
 Parallel Workers: 8
 Concurrent Workers: 2
 Concurrent Refinement Workers: 8
 Periodic GC: Disabled
Heap:
 garbage-first heap   total 184320K, used 128599K [0x0000000600000000, 0x0000000800000000)
  region size 4096K, 7 young (28672K), 2 survivors (8192K)
 Metaspace       used 97420K, committed 98304K, reserved 1179648K
  class space    used 13403K, committed 13824K, reserved 1048576K
GC Heap History (20 events):
Event: 33.355 GC heap before
{Heap before GC invocations=36 (full 0):
 garbage-first heap   total 159744K, used 123710K [0x0000000600000000, 0x0000000800000000)
  region size 4096K, 14 young (57344K), 1 survivors (4096K)
 Metaspace       used 77252K, committed 77952K, reserved 1179648K
  class space    used 10866K, committed 11200K, reserved 1048576K
}
Event: 33.362 GC heap after
{Heap after GC invocations=37 (full 0):
 garbage-first heap   total 159744K, used 76345K [0x0000000600000000, 0x0000000800000000)
  region size 4096K, 2 young (8192K), 2 survivors (8192K)
 Metaspace       used 77252K, committed 77952K, reserved 1179648K
  class space    used 10866K, committed 11200K, reserved 1048576K
}
Event: 35.422 GC heap before
{Heap before GC invocations=37 (full 0):
 garbage-first heap   total 159744K, used 129593K [0x0000000600000000, 0x0000000800000000)
  region size 4096K, 15 young (61440K), 2 survivors (8192K)
 Metaspace       used 77475K, committed 78208K, reserved 1179648K
  class space    used 10888K, committed 11264K, reserved 1048576K
}
Event: 35.441 GC heap after
{Heap after GC invocations=38 (full 0):
 garbage-first heap   total 159744K, used 78869K [0x0000000600000000, 0x0000000800000000)
  region size 4096K, 2 young (8192K), 2 survivors (8192K)
 Metaspace       used 77475K, committed 78208K, reserved 1179648K
  class space    used 10888K, committed 11264K, reserved 1048576K
}
Event: 38.021 GC heap before
{Heap before GC invocations=38 (full 0):
 garbage-first heap   total 159744K, used 128021K [0x0000000600000000, 0x0000000800000000)
  region size 4096K, 15 young (61440K), 2 survivors (8192K)
 Metaspace       used 79625K, committed 80448K, reserved 1179648K
  class space    used 11157K, committed 11520K, reserved 1048576K
}
Event: 38.038 GC heap after
{Heap after GC invocations=39 (full 0):
 garbage-first heap   total 159744K, used 95244K [0x0000000600000000, 0x0000000800000000)
  region size 4096K, 2 young (8192K), 2 survivors (8192K)
 Metaspace       used 79625K, committed 80448K, reserved 1179648K
  class space    used 11157K, committed 11520K, reserved 1048576K
}
Event: 38.715 GC heap before
{Heap before GC invocations=39 (full 0):
 garbage-first heap   total 159744K, used 123916K [0x0000000600000000, 0x0000000800000000)
  region size 4096K, 10 young (40960K), 2 survivors (8192K)
 Metaspace       used 82630K, committed 83392K, reserved 1179648K
  class space    used 11468K, committed 11840K, reserved 1048576K
}
Event: 38.720 GC heap after
{Heap after GC invocations=40 (full 0):
 garbage-first heap   total 159744K, used 99078K [0x0000000600000000, 0x0000000800000000)
  region size 4096K, 1 young (4096K), 1 survivors (4096K)
 Metaspace       used 82630K, committed 83392K, reserved 1179648K
  class space    used 11468K, committed 11840K, reserved 1048576K
}
Event: 39.161 GC heap before
{Heap before GC invocations=41 (full 0):
 garbage-first heap   total 184320K, used 123654K [0x0000000600000000, 0x0000000800000000)
  region size 4096K, 8 young (32768K), 1 survivors (4096K)
 Metaspace       used 84824K, committed 85632K, reserved 1179648K
  class space    used 11704K, committed 12096K, reserved 1048576K
}
Event: 39.165 GC heap after
{Heap after GC invocations=42 (full 0):
 garbage-first heap   total 184320K, used 101117K [0x0000000600000000, 0x0000000800000000)
  region size 4096K, 1 young (4096K), 1 survivors (4096K)
 Metaspace       used 84824K, committed 85632K, reserved 1179648K
  class space    used 11704K, committed 12096K, reserved 1048576K
}
Event: 39.630 GC heap before
{Heap before GC invocations=42 (full 0):
 garbage-first heap   total 184320K, used 146173K [0x0000000600000000, 0x0000000800000000)
  region size 4096K, 12 young (49152K), 1 survivors (4096K)
 Metaspace       used 86969K, committed 87808K, reserved 1179648K
  class space    used 11998K, committed 12416K, reserved 1048576K
}
Event: 39.635 GC heap after
{Heap after GC invocations=43 (full 0):
 garbage-first heap   total 184320K, used 105353K [0x0000000600000000, 0x0000000800000000)
  region size 4096K, 2 young (8192K), 2 survivors (8192K)
 Metaspace       used 86969K, committed 87808K, reserved 1179648K
  class space    used 11998K, committed 12416K, reserved 1048576K
}
Event: 40.316 GC heap before
{Heap before GC invocations=43 (full 0):
 garbage-first heap   total 184320K, used 146313K [0x0000000600000000, 0x0000000800000000)
  region size 4096K, 12 young (49152K), 2 survivors (8192K)
 Metaspace       used 89926K, committed 90752K, reserved 1179648K
  class space    used 12398K, committed 12800K, reserved 1048576K
}
Event: 40.322 GC heap after
{Heap after GC invocations=44 (full 0):
 garbage-first heap   total 184320K, used 107419K [0x0000000600000000, 0x0000000800000000)
  region size 4096K, 1 young (4096K), 1 survivors (4096K)
 Metaspace       used 89926K, committed 90752K, reserved 1179648K
  class space    used 12398K, committed 12800K, reserved 1048576K
}
Event: 40.945 GC heap before
{Heap before GC invocations=44 (full 0):
 garbage-first heap   total 184320K, used 144283K [0x0000000600000000, 0x0000000800000000)
  region size 4096K, 10 young (40960K), 1 survivors (4096K)
 Metaspace       used 92598K, committed 93376K, reserved 1179648K
  class space    used 12765K, committed 13120K, reserved 1048576K
}
Event: 40.950 GC heap after
{Heap after GC invocations=45 (full 0):
 garbage-first heap   total 184320K, used 108243K [0x0000000600000000, 0x0000000800000000)
  region size 4096K, 1 young (4096K), 1 survivors (4096K)
 Metaspace       used 92598K, committed 93376K, reserved 1179648K
  class space    used 12765K, committed 13120K, reserved 1048576K
}
Event: 46.003 GC heap before
{Heap before GC invocations=45 (full 0):
 garbage-first heap   total 184320K, used 149203K [0x0000000600000000, 0x0000000800000000)
  region size 4096K, 11 young (45056K), 1 survivors (4096K)
 Metaspace       used 93738K, committed 94592K, reserved 1179648K
  class space    used 12898K, committed 13312K, reserved 1048576K
}
Event: 46.010 GC heap after
{Heap after GC invocations=46 (full 0):
 garbage-first heap   total 184320K, used 111025K [0x0000000600000000, 0x0000000800000000)
  region size 4096K, 2 young (8192K), 2 survivors (8192K)
 Metaspace       used 93738K, committed 94592K, reserved 1179648K
  class space    used 12898K, committed 13312K, reserved 1048576K
}
Event: 47.150 GC heap before
{Heap before GC invocations=46 (full 0):
 garbage-first heap   total 184320K, used 147889K [0x0000000600000000, 0x0000000800000000)
  region size 4096K, 11 young (45056K), 2 survivors (8192K)
 Metaspace       used 96338K, committed 97152K, reserved 1179648K
  class space    used 13258K, committed 13632K, reserved 1048576K
}
Event: 47.156 GC heap after
{Heap after GC invocations=47 (full 0):
 garbage-first heap   total 184320K, used 112215K [0x0000000600000000, 0x0000000800000000)
  region size 4096K, 2 young (8192K), 2 survivors (8192K)
 Metaspace       used 96338K, committed 97152K, reserved 1179648K
  class space    used 13258K, committed 13632K, reserved 1048576K
}

